<?xml version="1.0" encoding="UTF-8" standalone="no"?><testsuite errors="0" failures="0" name="Cart Functionality" skipped="0" tests="6" time="25.34" timestamp="2026-04-22 01:14:14"><testcase name="Add a product to the cart"/><testcase name="Cart persists across page navigation"/><testcase name="Cart shows items and total price"/><testcase name="Change item quantity in the cart"/><testcase name="Remove an item from the cart"/><testcase name="Add multiple different products to the cart"/></testsuite>