<?xml version="1.0" encoding="UTF-8" standalone="no"?><testsuite errors="0" failures="0" name="Save and Wishlist Functionality" skipped="0" tests="5" time="20.67" timestamp="2026-04-22 01:15:25"><testcase name="Toggle save state for a product"/><testcase name="Saved items count is displayed on the saved page"/><testcase name="Wishlist link is visible on the saved page"/><testcase name="Save state persists during navigation within a session"/><testcase name="Save a product from the product detail page"/></testsuite>