<?xml version="1.0" encoding="UTF-8" standalone="no"?><testsuite errors="0" failures="0" name="Delivery Options" skipped="0" tests="6" time="21.75" timestamp="2026-04-22 01:14:39"><testcase name="Delivery options are displayed on the product detail page"/><testcase name="One delivery option is pre-selected by default"/><testcase name="Shopper can select a different delivery option"/><testcase name="Delivery section has a descriptive header"/><testcase name="No minimum order restrictions are shown"/><testcase name="Product page works correctly regardless of delivery options"/></testsuite>